<?xml version="1.0" encoding="UTF-8"?>
<!-- Generated by org.testng.reporters.JUnitReportReporter -->
<testsuite hostname="DESKTOP-8TJC150" failures="0" tests="1" name="cucumberOptions.TestNGTestRunner" time="39.189" errors="0" timestamp="2023-08-09T15:25:17 AEST" skipped="0">
  <testcase classname="cucumberOptions.TestNGTestRunner" name="runScenario" time="39.189"/>
</testsuite> <!-- cucumberOptions.TestNGTestRunner -->
